2025-10-06 14:27:07 [ERROR] config\CSC\config.toml (The system cannot find the file specified)
2025-10-06 14:27:08 [INFO] CSC is loading...   Success！
2025-10-06 14:27:09 [INFO]   Detected cloud rule update, preparing to download~
2025-10-06 14:27:09 [INFO]   Update completed~
2025-10-06 14:27:33 [INFO]    _____  _____  _____ 
2025-10-06 14:27:33 [INFO]   / ____|/ ____|/ ____|
2025-10-06 14:27:33 [INFO]  | |    | (___ | |        [CSC] Version: v0.21
2025-10-06 14:27:33 [INFO]  | |     \___ \| |        Minecraft Version: 1.20.1 forge
2025-10-06 14:27:33 [INFO]  | |____ ____) | |____    Problem/Feedback: Tencent QQ：1061133894
2025-10-06 14:27:33 [INFO]   \_____|_____/ \_____|
2025-10-06 14:27:33 [INFO]                        
2025-10-06 14:37:31 [INFO] CSC close completely, thanks for using!
2025-10-06 14:41:44 [INFO] CSC is loading...   Success！
2025-10-06 14:42:00 [INFO]    _____  _____  _____ 
2025-10-06 14:42:00 [INFO]   / ____|/ ____|/ ____|
2025-10-06 14:42:00 [INFO]  | |    | (___ | |        [CSC] Version: v0.21
2025-10-06 14:42:00 [INFO]  | |     \___ \| |        Minecraft Version: 1.20.1 forge
2025-10-06 14:42:00 [INFO]  | |____ ____) | |____    Problem/Feedback: Tencent QQ：1061133894
2025-10-06 14:42:00 [INFO]   \_____|_____/ \_____|
2025-10-06 14:42:00 [INFO]                        
2025-10-06 14:45:28 [INFO] CSC close completely, thanks for using!
2025-10-06 15:03:58 [INFO] CSC is loading...   Success！
2025-10-06 15:05:31 [INFO]    _____  _____  _____ 
2025-10-06 15:05:31 [INFO]   / ____|/ ____|/ ____|
2025-10-06 15:05:31 [INFO]  | |    | (___ | |        [CSC] Version: v0.21
2025-10-06 15:05:31 [INFO]  | |     \___ \| |        Minecraft Version: 1.20.1 forge
2025-10-06 15:05:31 [INFO]  | |____ ____) | |____    Problem/Feedback: Tencent QQ：1061133894
2025-10-06 15:05:31 [INFO]   \_____|_____/ \_____|
2025-10-06 15:05:31 [INFO]                        
2025-10-06 15:05:59 [INFO] CSC close completely, thanks for using!
2025-10-06 15:07:39 [INFO]    _____  _____  _____ 
2025-10-06 15:07:39 [INFO]   / ____|/ ____|/ ____|
2025-10-06 15:07:39 [INFO]  | |    | (___ | |        [CSC] Version: v0.21
2025-10-06 15:07:39 [INFO]  | |     \___ \| |        Minecraft Version: 1.20.1 forge
2025-10-06 15:07:39 [INFO]  | |____ ____) | |____    Problem/Feedback: Tencent QQ：1061133894
2025-10-06 15:07:39 [INFO]   \_____|_____/ \_____|
2025-10-06 15:07:39 [INFO]                        
2025-10-06 15:09:36 [INFO] CSC close completely, thanks for using!
2025-10-06 15:11:21 [INFO] CSC is loading...   Success！
2025-10-06 15:11:46 [INFO]    _____  _____  _____ 
2025-10-06 15:11:46 [INFO]   / ____|/ ____|/ ____|
2025-10-06 15:11:46 [INFO]  | |    | (___ | |        [CSC] Version: v0.21
2025-10-06 15:11:46 [INFO]  | |     \___ \| |        Minecraft Version: 1.20.1 forge
2025-10-06 15:11:46 [INFO]  | |____ ____) | |____    Problem/Feedback: Tencent QQ：1061133894
2025-10-06 15:11:46 [INFO]   \_____|_____/ \_____|
2025-10-06 15:11:46 [INFO]                        
2025-10-06 15:21:01 [INFO] CSC close completely, thanks for using!
2025-10-06 15:25:23 [INFO] CSC is loading...   Success！
2025-10-06 15:25:39 [INFO]    _____  _____  _____ 
2025-10-06 15:25:39 [INFO]   / ____|/ ____|/ ____|
2025-10-06 15:25:39 [INFO]  | |    | (___ | |        [CSC] Version: v0.21
2025-10-06 15:25:39 [INFO]  | |     \___ \| |        Minecraft Version: 1.20.1 forge
2025-10-06 15:25:39 [INFO]  | |____ ____) | |____    Problem/Feedback: Tencent QQ：1061133894
2025-10-06 15:25:39 [INFO]   \_____|_____/ \_____|
2025-10-06 15:25:39 [INFO]                        
2025-10-06 16:47:04 [INFO] CSC close completely, thanks for using!
2025-10-06 17:47:44 [INFO] CSC is loading...   Success！
2025-10-06 22:07:14 [INFO] CSC is loading...   Success！
2025-10-08 00:06:51 [INFO] CSC is loading...   Success！
2025-10-08 00:07:50 [INFO]    _____  _____  _____ 
2025-10-08 00:07:50 [INFO]   / ____|/ ____|/ ____|
2025-10-08 00:07:50 [INFO]  | |    | (___ | |        [CSC] Version: v0.21
2025-10-08 00:07:50 [INFO]  | |     \___ \| |        Minecraft Version: 1.20.1 forge
2025-10-08 00:07:50 [INFO]  | |____ ____) | |____    Problem/Feedback: Tencent QQ：1061133894
2025-10-08 00:07:50 [INFO]   \_____|_____/ \_____|
2025-10-08 00:07:50 [INFO]                        
2025-10-08 01:27:14 [INFO] CSC close completely, thanks for using!
2025-10-08 10:15:12 [INFO] CSC is loading...   Success！
2025-10-08 10:16:16 [INFO]    _____  _____  _____ 
2025-10-08 10:16:16 [INFO]   / ____|/ ____|/ ____|
2025-10-08 10:16:16 [INFO]  | |    | (___ | |        [CSC] Version: v0.21
2025-10-08 10:16:16 [INFO]  | |     \___ \| |        Minecraft Version: 1.20.1 forge
2025-10-08 10:16:16 [INFO]  | |____ ____) | |____    Problem/Feedback: Tencent QQ：1061133894
2025-10-08 10:16:16 [INFO]   \_____|_____/ \_____|
2025-10-08 10:16:16 [INFO]                        
2025-10-08 10:32:39 [INFO] CSC close completely, thanks for using!
2025-10-08 11:32:50 [INFO] CSC is loading...   Success！
2025-10-08 11:36:15 [INFO] CSC is loading...   Success！
2025-10-08 11:36:44 [INFO]    _____  _____  _____ 
2025-10-08 11:36:44 [INFO]   / ____|/ ____|/ ____|
2025-10-08 11:36:44 [INFO]  | |    | (___ | |        [CSC] Version: v0.21
2025-10-08 11:36:44 [INFO]  | |     \___ \| |        Minecraft Version: 1.20.1 forge
2025-10-08 11:36:44 [INFO]  | |____ ____) | |____    Problem/Feedback: Tencent QQ：1061133894
2025-10-08 11:36:44 [INFO]   \_____|_____/ \_____|
2025-10-08 11:36:44 [INFO]                        
2025-10-08 11:40:56 [INFO] CSC close completely, thanks for using!
2025-10-08 11:48:49 [INFO]    _____  _____  _____ 
2025-10-08 11:48:49 [INFO]   / ____|/ ____|/ ____|
2025-10-08 11:48:49 [INFO]  | |    | (___ | |        [CSC] Version: v0.21
2025-10-08 11:48:49 [INFO]  | |     \___ \| |        Minecraft Version: 1.20.1 forge
2025-10-08 11:48:49 [INFO]  | |____ ____) | |____    Problem/Feedback: Tencent QQ：1061133894
2025-10-08 11:48:49 [INFO]   \_____|_____/ \_____|
2025-10-08 11:48:49 [INFO]                        
2025-10-08 17:48:50 [INFO] CSC is loading...   Success！
2025-10-08 17:59:31 [INFO]    _____  _____  _____ 
2025-10-08 17:59:31 [INFO]   / ____|/ ____|/ ____|
2025-10-08 17:59:31 [INFO]  | |    | (___ | |        [CSC] Version: v0.21
2025-10-08 17:59:31 [INFO]  | |     \___ \| |        Minecraft Version: 1.20.1 forge
2025-10-08 17:59:31 [INFO]  | |____ ____) | |____    Problem/Feedback: Tencent QQ：1061133894
2025-10-08 17:59:31 [INFO]   \_____|_____/ \_____|
2025-10-08 17:59:31 [INFO]                        
2025-10-08 18:00:36 [INFO] CSC close completely, thanks for using!
2025-10-08 23:42:22 [INFO] CSC is loading...   Success！
2025-10-08 23:46:02 [INFO]    _____  _____  _____ 
2025-10-08 23:46:02 [INFO]   / ____|/ ____|/ ____|
2025-10-08 23:46:02 [INFO]  | |    | (___ | |        [CSC] Version: v0.21
2025-10-08 23:46:02 [INFO]  | |     \___ \| |        Minecraft Version: 1.20.1 forge
2025-10-08 23:46:02 [INFO]  | |____ ____) | |____    Problem/Feedback: Tencent QQ：1061133894
2025-10-08 23:46:02 [INFO]   \_____|_____/ \_____|
2025-10-08 23:46:02 [INFO]                        
2025-10-08 23:54:36 [INFO] CSC close completely, thanks for using!
2025-10-08 23:55:41 [INFO]    _____  _____  _____ 
2025-10-08 23:55:41 [INFO]   / ____|/ ____|/ ____|
2025-10-08 23:55:41 [INFO]  | |    | (___ | |        [CSC] Version: v0.21
2025-10-08 23:55:41 [INFO]  | |     \___ \| |        Minecraft Version: 1.20.1 forge
2025-10-08 23:55:41 [INFO]  | |____ ____) | |____    Problem/Feedback: Tencent QQ：1061133894
2025-10-08 23:55:41 [INFO]   \_____|_____/ \_____|
2025-10-08 23:55:41 [INFO]                        
2025-10-09 04:18:30 [INFO] CSC close completely, thanks for using!
2025-10-10 07:06:31 [INFO] CSC is loading...   Success！
2025-10-10 07:14:54 [INFO]    _____  _____  _____ 
2025-10-10 07:14:54 [INFO]   / ____|/ ____|/ ____|
2025-10-10 07:14:54 [INFO]  | |    | (___ | |        [CSC] Version: v0.21
2025-10-10 07:14:54 [INFO]  | |     \___ \| |        Minecraft Version: 1.20.1 forge
2025-10-10 07:14:54 [INFO]  | |____ ____) | |____    Problem/Feedback: Tencent QQ：1061133894
2025-10-10 07:14:54 [INFO]   \_____|_____/ \_____|
2025-10-10 07:14:54 [INFO]                        
2025-10-10 09:01:55 [INFO] CSC close completely, thanks for using!
2025-10-12 16:54:22 [INFO] CSC is loading...   Success！
2025-10-12 16:57:11 [INFO]    _____  _____  _____ 
2025-10-12 16:57:11 [INFO]   / ____|/ ____|/ ____|
2025-10-12 16:57:11 [INFO]  | |    | (___ | |        [CSC] Version: v0.21
2025-10-12 16:57:11 [INFO]  | |     \___ \| |        Minecraft Version: 1.20.1 forge
2025-10-12 16:57:11 [INFO]  | |____ ____) | |____    Problem/Feedback: Tencent QQ：1061133894
2025-10-12 16:57:11 [INFO]   \_____|_____/ \_____|
2025-10-12 16:57:11 [INFO]                        
2025-10-12 18:29:25 [INFO] CSC close completely, thanks for using!
2025-10-13 03:31:56 [INFO] CSC is loading...   Success！
2025-10-13 03:38:30 [INFO]    _____  _____  _____ 
2025-10-13 03:38:30 [INFO]   / ____|/ ____|/ ____|
2025-10-13 03:38:30 [INFO]  | |    | (___ | |        [CSC] Version: v0.21
2025-10-13 03:38:30 [INFO]  | |     \___ \| |        Minecraft Version: 1.20.1 forge
2025-10-13 03:38:30 [INFO]  | |____ ____) | |____    Problem/Feedback: Tencent QQ：1061133894
2025-10-13 03:38:30 [INFO]   \_____|_____/ \_____|
2025-10-13 03:38:30 [INFO]                        
2025-10-13 03:45:07 [INFO] CSC close completely, thanks for using!
2025-10-13 14:16:07 [INFO] CSC is loading...   Success！
2025-10-13 14:16:29 [INFO]    _____  _____  _____ 
2025-10-13 14:16:29 [INFO]   / ____|/ ____|/ ____|
2025-10-13 14:16:29 [INFO]  | |    | (___ | |        [CSC] Version: v0.21
2025-10-13 14:16:29 [INFO]  | |     \___ \| |        Minecraft Version: 1.20.1 forge
2025-10-13 14:16:29 [INFO]  | |____ ____) | |____    Problem/Feedback: Tencent QQ：1061133894
2025-10-13 14:16:29 [INFO]   \_____|_____/ \_____|
2025-10-13 14:16:29 [INFO]                        
2025-10-13 14:25:57 [INFO] CSC close completely, thanks for using!
2025-10-14 19:06:45 [INFO] CSC is loading...   Success！
2025-10-14 19:09:45 [INFO] CSC is loading...   Success！
2025-10-28 03:35:55 [INFO] CSC is loading...   Success！
2025-10-28 03:36:26 [INFO]    _____  _____  _____ 
2025-10-28 03:36:26 [INFO]   / ____|/ ____|/ ____|
2025-10-28 03:36:26 [INFO]  | |    | (___ | |        [CSC] Version: v0.21
2025-10-28 03:36:26 [INFO]  | |     \___ \| |        Minecraft Version: 1.20.1 forge
2025-10-28 03:36:26 [INFO]  | |____ ____) | |____    Problem/Feedback: Tencent QQ：1061133894
2025-10-28 03:36:26 [INFO]   \_____|_____/ \_____|
2025-10-28 03:36:26 [INFO]                        
2025-10-28 04:19:23 [INFO] CSC close completely, thanks for using!
2025-11-24 22:33:59 [INFO] CSC is loading...   Success！
2025-11-24 22:35:15 [INFO]    _____  _____  _____ 
2025-11-24 22:35:15 [INFO]   / ____|/ ____|/ ____|
2025-11-24 22:35:15 [INFO]  | |    | (___ | |        [CSC] Version: v0.21
2025-11-24 22:35:15 [INFO]  | |     \___ \| |        Minecraft Version: 1.20.1 forge
2025-11-24 22:35:15 [INFO]  | |____ ____) | |____    Problem/Feedback: Tencent QQ：1061133894
2025-11-24 22:35:15 [INFO]   \_____|_____/ \_____|
2025-11-24 22:35:15 [INFO]                        
2025-11-25 04:35:41 [INFO] CSC close completely, thanks for using!
2026-01-28 18:40:17 [INFO] CSC is loading...   Success！
2026-01-28 18:40:33 [INFO]    _____  _____  _____ 
2026-01-28 18:40:33 [INFO]   / ____|/ ____|/ ____|
2026-01-28 18:40:33 [INFO]  | |    | (___ | |        [CSC] Version: v0.21
2026-01-28 18:40:33 [INFO]  | |     \___ \| |        Minecraft Version: 1.20.1 forge
2026-01-28 18:40:33 [INFO]  | |____ ____) | |____    Problem/Feedback: Tencent QQ：1061133894
2026-01-28 18:40:33 [INFO]   \_____|_____/ \_____|
2026-01-28 18:40:33 [INFO]                        
